Determining if the pthread_create exist failed with the following output:
Change Dir: /home/nvidia/zuckbot_ws/build/CMakeFiles/CMakeTmp

Run Build Command:"/usr/bin/make" "cmTC_71f0d/fast"
/usr/bin/make -f CMakeFiles/cmTC_71f0d.dir/build.make CMakeFiles/cmTC_71f0d.dir/build
make[1]: Entering directory '/home/nvidia/zuckbot_ws/build/CMakeFiles/CMakeTmp'
Building C object CMakeFiles/cmTC_71f0d.dir/CheckSymbolExists.c.o
/usr/bin/cc     -o CMakeFiles/cmTC_71f0d.dir/CheckSymbolExists.c.o   -c /home/nvidia/zuckbot_ws/build/CMakeFiles/CMakeTmp/CheckSymbolExists.c
Linking C executable cmTC_71f0d
/usr/bin/cmake -E cmake_link_script CMakeFiles/cmTC_71f0d.dir/link.txt --verbose=1
/usr/bin/cc       CMakeFiles/cmTC_71f0d.dir/CheckSymbolExists.c.o  -o cmTC_71f0d -rdynamic 
CMakeFiles/cmTC_71f0d.dir/CheckSymbolExists.c.o: In function `main':
CheckSymbolExists.c:(.text+0x14): undefined reference to `pthread_create'
CheckSymbolExists.c:(.text+0x18): undefined reference to `pthread_create'
collect2: error: ld returned 1 exit status
CMakeFiles/cmTC_71f0d.dir/build.make:97: recipe for target 'cmTC_71f0d' failed
make[1]: *** [cmTC_71f0d] Error 1
make[1]: Leaving directory '/home/nvidia/zuckbot_ws/build/CMakeFiles/CMakeTmp'
Makefile:126: recipe for target 'cmTC_71f0d/fast' failed
make: *** [cmTC_71f0d/fast] Error 2

File /home/nvidia/zuckbot_ws/build/CMakeFiles/CMakeTmp/CheckSymbolExists.c:
/* */
#include <pthread.h>

int main(int argc, char** argv)
{
  (void)argv;
#ifndef pthread_create
  return ((int*)(&pthread_create))[argc];
#else
  (void)argc;
  return 0;
#endif
}

Determining if the function pthread_create exists in the pthreads failed with the following output:
Change Dir: /home/nvidia/zuckbot_ws/build/CMakeFiles/CMakeTmp

Run Build Command:"/usr/bin/make" "cmTC_3dca4/fast"
/usr/bin/make -f CMakeFiles/cmTC_3dca4.dir/build.make CMakeFiles/cmTC_3dca4.dir/build
make[1]: Entering directory '/home/nvidia/zuckbot_ws/build/CMakeFiles/CMakeTmp'
Building C object CMakeFiles/cmTC_3dca4.dir/CheckFunctionExists.c.o
/usr/bin/cc    -DCHECK_FUNCTION_EXISTS=pthread_create   -o CMakeFiles/cmTC_3dca4.dir/CheckFunctionExists.c.o   -c /usr/share/cmake-3.5/Modules/CheckFunctionExists.c
Linking C executable cmTC_3dca4
/usr/bin/cmake -E cmake_link_script CMakeFiles/cmTC_3dca4.dir/link.txt --verbose=1
/usr/bin/cc   -DCHECK_FUNCTION_EXISTS=pthread_create    CMakeFiles/cmTC_3dca4.dir/CheckFunctionExists.c.o  -o cmTC_3dca4 -rdynamic -lpthreads 
/usr/bin/ld: cannot find -lpthreads
collect2: error: ld returned 1 exit status
CMakeFiles/cmTC_3dca4.dir/build.make:97: recipe for target 'cmTC_3dca4' failed
make[1]: *** [cmTC_3dca4] Error 1
make[1]: Leaving directory '/home/nvidia/zuckbot_ws/build/CMakeFiles/CMakeTmp'
Makefile:126: recipe for target 'cmTC_3dca4/fast' failed
make: *** [cmTC_3dca4/fast] Error 2


Determining if the Q_WS_WIN exist failed with the following output:
Change Dir: /home/nvidia/zuckbot_ws/build/CMakeFiles/CMakeTmp

Run Build Command:"/usr/bin/make" "cmTC_78f49/fast"
/usr/bin/make -f CMakeFiles/cmTC_78f49.dir/build.make CMakeFiles/cmTC_78f49.dir/build
make[1]: Entering directory '/home/nvidia/zuckbot_ws/build/CMakeFiles/CMakeTmp'
Building CXX object CMakeFiles/cmTC_78f49.dir/CheckSymbolExists.cxx.o
/usr/bin/c++    -I/usr/include/qt4   -o CMakeFiles/cmTC_78f49.dir/CheckSymbolExists.cxx.o -c /home/nvidia/zuckbot_ws/build/CMakeFiles/CMakeTmp/CheckSymbolExists.cxx
/home/nvidia/zuckbot_ws/build/CMakeFiles/CMakeTmp/CheckSymbolExists.cxx: In function ‘int main(int, char**)’:
/home/nvidia/zuckbot_ws/build/CMakeFiles/CMakeTmp/CheckSymbolExists.cxx:8:19: error: ‘Q_WS_WIN’ was not declared in this scope
   return ((int*)(&Q_WS_WIN))[argc];
                   ^
CMakeFiles/cmTC_78f49.dir/build.make:65: recipe for target 'CMakeFiles/cmTC_78f49.dir/CheckSymbolExists.cxx.o' failed
make[1]: *** [CMakeFiles/cmTC_78f49.dir/CheckSymbolExists.cxx.o] Error 1
make[1]: Leaving directory '/home/nvidia/zuckbot_ws/build/CMakeFiles/CMakeTmp'
Makefile:126: recipe for target 'cmTC_78f49/fast' failed
make: *** [cmTC_78f49/fast] Error 2

File /home/nvidia/zuckbot_ws/build/CMakeFiles/CMakeTmp/CheckSymbolExists.cxx:
/* */
#include <QtCore/qglobal.h>

int main(int argc, char** argv)
{
  (void)argv;
#ifndef Q_WS_WIN
  return ((int*)(&Q_WS_WIN))[argc];
#else
  (void)argc;
  return 0;
#endif
}

Determining if the Q_WS_QWS exist failed with the following output:
Change Dir: /home/nvidia/zuckbot_ws/build/CMakeFiles/CMakeTmp

Run Build Command:"/usr/bin/make" "cmTC_c39bc/fast"
/usr/bin/make -f CMakeFiles/cmTC_c39bc.dir/build.make CMakeFiles/cmTC_c39bc.dir/build
make[1]: Entering directory '/home/nvidia/zuckbot_ws/build/CMakeFiles/CMakeTmp'
Building CXX object CMakeFiles/cmTC_c39bc.dir/CheckSymbolExists.cxx.o
/usr/bin/c++    -I/usr/include/qt4   -o CMakeFiles/cmTC_c39bc.dir/CheckSymbolExists.cxx.o -c /home/nvidia/zuckbot_ws/build/CMakeFiles/CMakeTmp/CheckSymbolExists.cxx
/home/nvidia/zuckbot_ws/build/CMakeFiles/CMakeTmp/CheckSymbolExists.cxx: In function ‘int main(int, char**)’:
/home/nvidia/zuckbot_ws/build/CMakeFiles/CMakeTmp/CheckSymbolExists.cxx:8:19: error: ‘Q_WS_QWS’ was not declared in this scope
   return ((int*)(&Q_WS_QWS))[argc];
                   ^
CMakeFiles/cmTC_c39bc.dir/build.make:65: recipe for target 'CMakeFiles/cmTC_c39bc.dir/CheckSymbolExists.cxx.o' failed
make[1]: *** [CMakeFiles/cmTC_c39bc.dir/CheckSymbolExists.cxx.o] Error 1
make[1]: Leaving directory '/home/nvidia/zuckbot_ws/build/CMakeFiles/CMakeTmp'
Makefile:126: recipe for target 'cmTC_c39bc/fast' failed
make: *** [cmTC_c39bc/fast] Error 2

File /home/nvidia/zuckbot_ws/build/CMakeFiles/CMakeTmp/CheckSymbolExists.cxx:
/* */
#include <QtCore/qglobal.h>

int main(int argc, char** argv)
{
  (void)argv;
#ifndef Q_WS_QWS
  return ((int*)(&Q_WS_QWS))[argc];
#else
  (void)argc;
  return 0;
#endif
}

Determining if the Q_WS_MAC exist failed with the following output:
Change Dir: /home/nvidia/zuckbot_ws/build/CMakeFiles/CMakeTmp

Run Build Command:"/usr/bin/make" "cmTC_dfdbc/fast"
/usr/bin/make -f CMakeFiles/cmTC_dfdbc.dir/build.make CMakeFiles/cmTC_dfdbc.dir/build
make[1]: Entering directory '/home/nvidia/zuckbot_ws/build/CMakeFiles/CMakeTmp'
Building CXX object CMakeFiles/cmTC_dfdbc.dir/CheckSymbolExists.cxx.o
/usr/bin/c++    -I/usr/include/qt4   -o CMakeFiles/cmTC_dfdbc.dir/CheckSymbolExists.cxx.o -c /home/nvidia/zuckbot_ws/build/CMakeFiles/CMakeTmp/CheckSymbolExists.cxx
/home/nvidia/zuckbot_ws/build/CMakeFiles/CMakeTmp/CheckSymbolExists.cxx: In function ‘int main(int, char**)’:
/home/nvidia/zuckbot_ws/build/CMakeFiles/CMakeTmp/CheckSymbolExists.cxx:8:19: error: ‘Q_WS_MAC’ was not declared in this scope
   return ((int*)(&Q_WS_MAC))[argc];
                   ^
CMakeFiles/cmTC_dfdbc.dir/build.make:65: recipe for target 'CMakeFiles/cmTC_dfdbc.dir/CheckSymbolExists.cxx.o' failed
make[1]: *** [CMakeFiles/cmTC_dfdbc.dir/CheckSymbolExists.cxx.o] Error 1
make[1]: Leaving directory '/home/nvidia/zuckbot_ws/build/CMakeFiles/CMakeTmp'
Makefile:126: recipe for target 'cmTC_dfdbc/fast' failed
make: *** [cmTC_dfdbc/fast] Error 2

File /home/nvidia/zuckbot_ws/build/CMakeFiles/CMakeTmp/CheckSymbolExists.cxx:
/* */
#include <QtCore/qglobal.h>

int main(int argc, char** argv)
{
  (void)argv;
#ifndef Q_WS_MAC
  return ((int*)(&Q_WS_MAC))[argc];
#else
  (void)argc;
  return 0;
#endif
}

Determining if the include file pgm.h exists failed with the following output:
Change Dir: /home/nvidia/zuckbot_ws/build/CMakeFiles/CMakeTmp

Run Build Command:"/usr/bin/make" "cmTC_5bba1/fast"
make[1]: Entering directory '/home/nvidia/zuckbot_ws/build/CMakeFiles/CMakeTmp'
/usr/bin/make -f CMakeFiles/cmTC_5bba1.dir/build.make CMakeFiles/cmTC_5bba1.dir/build
make[2]: Entering directory '/home/nvidia/zuckbot_ws/build/CMakeFiles/CMakeTmp'
Building CXX object CMakeFiles/cmTC_5bba1.dir/CheckIncludeFile.cxx.o
/usr/bin/c++      -o CMakeFiles/cmTC_5bba1.dir/CheckIncludeFile.cxx.o -c /home/nvidia/zuckbot_ws/build/CMakeFiles/CMakeTmp/CheckIncludeFile.cxx
/home/nvidia/zuckbot_ws/build/CMakeFiles/CMakeTmp/CheckIncludeFile.cxx:1:17: fatal error: pgm.h: No such file or directory
compilation terminated.
CMakeFiles/cmTC_5bba1.dir/build.make:65: recipe for target 'CMakeFiles/cmTC_5bba1.dir/CheckIncludeFile.cxx.o' failed
make[2]: *** [CMakeFiles/cmTC_5bba1.dir/CheckIncludeFile.cxx.o] Error 1
make[2]: Leaving directory '/home/nvidia/zuckbot_ws/build/CMakeFiles/CMakeTmp'
Makefile:126: recipe for target 'cmTC_5bba1/fast' failed
make[1]: *** [cmTC_5bba1/fast] Error 2
make[1]: Leaving directory '/home/nvidia/zuckbot_ws/build/CMakeFiles/CMakeTmp'


